1733558107769	geckodriver	INFO	Listening on 127.0.0.1:59446
1733558110823	mozrunner::runner	INFO	Running command: "C:\\Program Files\\Mozilla Firefox\\firefox.exe" "--marionette" "--remote-debugging-port" "59447" "--remote-allow-hosts" "localhost" "-no-remote" "-profile" "C:\\Users\\USER\\AppData\\Local\\Temp\\rust_mozprofile6Ive81"
console.warn: services.settings: Ignoring preference override of remote settings server
console.warn: services.settings: Allow by setting MOZ_REMOTE_SETTINGS_DEVTOOLS=1 in the environment
Dynamically enable window occlusion 0
1733558111634	Marionette	INFO	Marionette enabled
1733558112012	Marionette	INFO	Listening on port 59456
WebDriver BiDi listening on ws://127.0.0.1:59447
Read port: 59456
1733558112206	RemoteAgent	WARN	TLS certificate errors will be ignored for this session
DevTools listening on ws://127.0.0.1:59447/devtools/browser/29c702ee-7cd7-4364-bf83-945cf278c5e1
console.warn: LoginRecipes: "Falling back to a synchronous message for: https://admin-demo.nopcommerce.com."
console.warn: LoginRecipes: "Falling back to a synchronous message for: https://admin-demo.nopcommerce.com."
JavaScript warning: https://www.googletagmanager.com/gtag/js?id=G-2NJTDMQ3JH, line 166: Script terminated by timeout at:
h.set@https://www.googletagmanager.com/gtag/js?id=G-2NJTDMQ3JH:166:210
h.set@https://www.googletagmanager.com/gtag/js?id=G-2NJTDMQ3JH:168:1371
e@https://www.googletagmanager.com/gtag/js?id=G-2NJTDMQ3JH:204:85
f@https://www.googletagmanager.com/gtag/js?id=G-2NJTDMQ3JH:204:297
fd@https://www.googletagmanager.com/gtag/js?id=G-2NJTDMQ3JH:204:692
r@https://www.googletagmanager.com/gtag/js?id=G-2NJTDMQ3JH:202:855
lB@https://www.googletagmanager.com/gtag/js?id=G-2NJTDMQ3JH:574:149
jB/</<@https://www.googletagmanager.com/gtag/js?id=G-2NJTDMQ3JH:572:189
jb@https://www.googletagmanager.com/gtag/js?id=G-2NJTDMQ3JH:170:204
jB/<@https://www.googletagmanager.com/gtag/js?id=G-2NJTDMQ3JH:572:168
jb@https://www.googletagmanager.com/gtag/js?id=G-2NJTDMQ3JH:170:204
jB@https://www.googletagmanager.com/gtag/js?id=G-2NJTDMQ3JH:572:135
kB/<@https://www.googletagmanager.com/gtag/js?id=G-2NJTDMQ3JH:572:111
c@https://admin-demo.nopcommerce.com/cdn-cgi/scripts/7d0fa10a/cloudflare-static/rocket-loader.min.js:1:9405

console.error: ({})
JavaScript warning: https://challenges.cloudflare.com/cdn-cgi/challenge-platform/h/g/orchestrate/chl_api/v1?ray=8ee2f46a6f2d896e&lang=auto line 1 > Function, line 437: WEBGL_debug_renderer_info is deprecated in Firefox and will be removed. Please use RENDERER.
1733558141025	Marionette	INFO	Stopped listening on port 59456
console.error: (new TypeError("NetworkError: Network request failed", "resource://services-settings/Utils.sys.mjs", 238))
Dynamically enable window occlusion 1
JavaScript error: resource://gre/modules/UpdateService.sys.mjs, line 5462: 
1733558145216	addons.xpi	ERROR	System addon update list error [Exception... "<no message>"  nsresult: "0x8046001e (<unknown>)"  location: "JS frame :: resource://gre/modules/ServiceRequest.sys.mjs :: open :: line 127"  data: no]
console.error: Region.sys.mjs: "Error fetching region" (new TypeError("NetworkError when attempting to fetch resource.", "resource://gre/modules/Region.sys.mjs", 738))
console.error: Region.sys.mjs: "Failed to fetch region" (new Error("NO_RESULT", "resource://gre/modules/Region.sys.mjs", 411))
