1733556250729	geckodriver	INFO	Listening on 127.0.0.1:57639
1733556253804	mozrunner::runner	INFO	Running command: "C:\\Program Files\\Mozilla Firefox\\firefox.exe" "--marionette" "--remote-debugging-port" "57640" "--remote-allow-hosts" "localhost" "-no-remote" "-profile" "C:\\Users\\USER\\AppData\\Local\\Temp\\rust_mozprofile0RnvcD"
console.warn: services.settings: Ignoring preference override of remote settings server
console.warn: services.settings: Allow by setting MOZ_REMOTE_SETTINGS_DEVTOOLS=1 in the environment
Dynamically enable window occlusion 0
1733556254187	Marionette	INFO	Marionette enabled
1733556254394	Marionette	INFO	Listening on port 57652
WebDriver BiDi listening on ws://127.0.0.1:57640
Read port: 57652
1733556254584	RemoteAgent	WARN	TLS certificate errors will be ignored for this session
DevTools listening on ws://127.0.0.1:57640/devtools/browser/f3f01eb7-3c50-43d4-9f33-208b9677176e
console.warn: LoginRecipes: "Falling back to a synchronous message for: https://admin-demo.nopcommerce.com."
console.warn: LoginRecipes: "Falling back to a synchronous message for: https://admin-demo.nopcommerce.com."
JavaScript warning: https://admin-demo.nopcommerce.com/cdn-cgi/scripts/7d0fa10a/cloudflare-static/rocket-loader.min.js, line 1: Script terminated by timeout at:
c@https://admin-demo.nopcommerce.com/cdn-cgi/scripts/7d0fa10a/cloudflare-static/rocket-loader.min.js:1:9349

JavaScript warning: https://challenges.cloudflare.com/cdn-cgi/challenge-platform/h/g/orchestrate/chl_api/v1?ray=8ee2c6bd792dfd2e&lang=auto line 1 > Function, line 442: WEBGL_debug_renderer_info is deprecated in Firefox and will be removed. Please use RENDERER.
1733556268356	Marionette	INFO	Stopped listening on port 57652
JavaScript warning: https://challenges.cloudflare.com/cdn-cgi/challenge-platform/h/g/orchestrate/chl_api/v1?ray=8ee2c6bd792dfd2e&lang=auto, line 1: Script terminated by timeout at:
gk@https://challenges.cloudflare.com/cdn-cgi/challenge-platform/h/g/orchestrate/chl_api/v1?ray=8ee2c6bd792dfd2e&lang=auto:1:19655

Dynamically enable window occlusion 1
